
                         Lattice Mapping Report File

Design:  top
Family:  iCE40UP
Device:  iCE40UP5K
Package: SG48
Performance Grade:  High-Performance_1.2V

Mapper:    version Radiant Software (64-bit) 2024.2.0.3.0
Mapped on: Sun Sep 14 17:10:10 2025

Design Information
------------------

Command line:   map -pdc
     C:/Users/ekendrick/Documents/GitHub/e155-lab3/lab3_ek/pins.pdc -i
     lab3_ek_impl_1_syn.udb -o lab3_ek_impl_1_map.udb -mp lab3_ek_impl_1.mrp
     -hierrpt -gui -msgset
     C:/Users/ekendrick/Documents/GitHub/e155-lab3/lab3_ek/promote.xml

Design Summary
--------------

   Number of slice registers:  25 out of  5280 (<1%)
   Number of I/O registers:      0 out of   117 (0%)
   Number of LUT4s:            39 out of  5280 (1%)
      Number of logic LUT4s:              13
      Number of ripple logic:             13 (26 LUT4s)
   Number of IO sites used:   14 out of 39 (36%)
      Number of IO sites used for general PIO: 14
      Number of IO sites used for I3C: 0 out of 2 (0%)
      (note: If I3C is not used, its site can be used as general PIO)
      Number of IO sites used for PIO+I3C: 14 out of 36 (39%)
      Number of IO sites used for OD+RGB IO buffers: 0 out of 3 (0%)
      (note: If RGB LED drivers are not used, sites can be used as OD outputs,
       see TN1288 iCE40 LED Driver Usage Guide)
      Number of IO sites used for PIO+I3C+OD+RGB: 14 out of 39 (36%)
   Number of DSPs:             0 out of 8 (0%)
   Number of I2Cs:             0 out of 2 (0%)
   Number of High Speed OSCs:  1 out of 1 (100%)
   Number of Low Speed OSCs:   0 out of 1 (0%)
   Number of RGB PWM:          0 out of 1 (0%)
   Number of RGB Drivers:      0 out of 1 (0%)
   Number of SCL FILTERs:      0 out of 2 (0%)
   Number of SRAMs:            0 out of 4 (0%)
   Number of WARMBOOTs:        0 out of 1 (0%)
   Number of SPIs:             0 out of 2 (0%)
   Number of EBRs:             0 out of 30 (0%)
   Number of PLLs:             0 out of 1 (0%)
   Number of Clocks:  1
      Net clk: 14 loads, 14 rising, 0 falling (Driver: Pin
     hf_osc.osc_inst/CLKHF)
   Number of Clock Enables:  1
      Net VCC_net: 1 loads, 0 SLICEs
   Number of LSRs:  2
      Net counter2.n403: 13 loads, 13 SLICEs
      Net n401: 1 loads, 1 SLICEs
   Top 10 highest fanout non-clock nets:
      Net counter2.n403: 13 loads
      Net VCC_net: 4 loads
      Net counter2.count[13]: 3 loads

                                    Page 1





Design Summary (cont)
---------------------
      Net counter2.count[9]: 3 loads
      Net seg_power_c: 3 loads
      Net counter2.count[15]: 2 loads
      Net counter2.count[16]: 2 loads
      Net counter2.count[23]: 2 loads
      Net counter2.n531: 2 loads
      Net counter2.n533: 2 loads





   Number of warnings:  8
   Number of criticals: 0
   Number of errors:    0

Design Errors/Criticals/Warnings
--------------------------------

WARNING <71003020> - map: Top module port 'R[3]' does not connect to anything.
WARNING <71003020> - map: Top module port 'R[2]' does not connect to anything.
WARNING <71003020> - map: Top module port 'R[1]' does not connect to anything.
WARNING <71003020> - map: Top module port 'R[0]' does not connect to anything.
WARNING <71003020> - map: Top module port 'R[3]' does not connect to anything.
WARNING <71003020> - map: Top module port 'R[2]' does not connect to anything.
WARNING <71003020> - map: Top module port 'R[1]' does not connect to anything.
WARNING <71003020> - map: Top module port 'R[0]' does not connect to anything.

IO (PIO) Attributes
-------------------

+---------------------+-----------+-----------+-------+-------+-----------+
| IO Name             | Direction | Levelmode |  IO   |  IO   | Special   |
|                     |           |  IO_TYPE  |  REG  |  DDR  | IO Buffer |
+---------------------+-----------+-----------+-------+-------+-----------+
| reset               | INPUT     |           |       |       |           |
+---------------------+-----------+-----------+-------+-------+-----------+
| seg_power[0]        | OUTPUT    |           |       |       |           |
+---------------------+-----------+-----------+-------+-------+-----------+
| seg_power[1]        | OUTPUT    |           |       |       |           |
+---------------------+-----------+-----------+-------+-------+-----------+
| seg[0]              | OUTPUT    |           |       |       |           |
+---------------------+-----------+-----------+-------+-------+-----------+
| seg[1]              | OUTPUT    |           |       |       |           |
+---------------------+-----------+-----------+-------+-------+-----------+
| seg[2]              | OUTPUT    |           |       |       |           |
+---------------------+-----------+-----------+-------+-------+-----------+
| seg[3]              | OUTPUT    |           |       |       |           |
+---------------------+-----------+-----------+-------+-------+-----------+
| seg[4]              | OUTPUT    |           |       |       |           |
+---------------------+-----------+-----------+-------+-------+-----------+
| seg[5]              | OUTPUT    |           |       |       |           |
+---------------------+-----------+-----------+-------+-------+-----------+
| seg[6]              | OUTPUT    |           |       |       |           |
+---------------------+-----------+-----------+-------+-------+-----------+
| C[0]                | OUTPUT    |           |       |       |           |
+---------------------+-----------+-----------+-------+-------+-----------+
| C[1]                | OUTPUT    |           |       |       |           |

                                    Page 2





IO (PIO) Attributes (cont)
--------------------------
+---------------------+-----------+-----------+-------+-------+-----------+
| C[2]                | OUTPUT    |           |       |       |           |
+---------------------+-----------+-----------+-------+-------+-----------+
| C[3]                | OUTPUT    |           |       |       |           |
+---------------------+-----------+-----------+-------+-------+-----------+

OSC Summary
-----------

OSC 1:                                 Pin/Node Value
  OSC Instance Name:                            hf_osc.osc_inst
  Power UP:                            NODE     VCC_net
  Enable Signal:                       NODE     VCC_net
  OSC Output:                          NODE     clk
  DIV Setting:                                  01

ASIC Components
---------------

Instance Name: hf_osc.osc_inst
         Type: HFOSC

Constraint Summary
------------------

   Total number of constraints: 6
   Total number of constraints dropped: 0

Run Time and Memory Usage
-------------------------

   Total CPU Time: 0 secs
   Total REAL Time: 0 secs
   Peak Memory Usage: 68 MB
Checksum -- map: 15db8dbb58772a71b9eba6d97e21dd58f52ac27























                                    Page 3


Copyright (c) 1991-1994 by NeoCAD Inc. All rights reserved.
Copyright (c) 1995
     AT&T Corp.   All rights reserved.
Copyright (c) 1995-2001 Lucent
     Technologies Inc.  All rights reserved.
Copyright (c) 2001 Agere Systems
     All rights reserved.
Copyright (c) 2002-2024 Lattice Semiconductor
     Corporation,  All rights reserved.
